<?xml version="1.0" encoding="UTF-8"?>
<testng-results ignored="0" total="1" passed="1" failed="0" skipped="0">
  <reporter-output>
  </reporter-output>
  <suite started-at="2024-07-02T09:48:40 IST" name="Default suite" finished-at="2024-07-02T09:48:47 IST" duration-ms="6369">
    <groups>
    </groups>
    <test started-at="2024-07-02T09:48:40 IST" name="Default test" finished-at="2024-07-02T09:48:47 IST" duration-ms="6369">
      <class name="basepackage.Executable_class">
        <test-method signature="f()[pri:0, instance:basepackage.Executable_class@35ef1869]" started-at="2024-07-02T09:48:40 IST" name="f" finished-at="2024-07-02T09:48:47 IST" duration-ms="6281" status="PASS">
          <reporter-output>
          </reporter-output>
        </test-method> <!-- f -->
      </class> <!-- basepackage.Executable_class -->
    </test> <!-- Default test -->
  </suite> <!-- Default suite -->
</testng-results>
